<?xml version="1.0" encoding="UTF-8"?>
<testng-results ignored="0" total="1" passed="1" failed="0" skipped="0">
  <reporter-output>
  </reporter-output>
  <suite started-at="2024-12-20T21:20:56 IST" name="Suite" finished-at="2024-12-20T21:21:12 IST" duration-ms="15554">
    <groups>
    </groups>
    <test started-at="2024-12-20T21:20:56 IST" name="Test" finished-at="2024-12-20T21:21:12 IST" duration-ms="15554">
      <class name="Module1LoginTest.SwaglabsloginTest">
        <test-method is-config="true" signature="OpenBrowser()[pri:0, instance:Module1LoginTest.SwaglabsloginTest@36ebc363]" started-at="2024-12-20T21:20:56 IST" name="OpenBrowser" finished-at="2024-12-20T21:21:01 IST" duration-ms="4377" status="PASS">
          <reporter-output>
          </reporter-output>
        </test-method> <!-- OpenBrowser -->
        <test-method is-config="true" signature="loginIntoApp()[pri:0, instance:Module1LoginTest.SwaglabsloginTest@36ebc363]" started-at="2024-12-20T21:21:01 IST" name="loginIntoApp" finished-at="2024-12-20T21:21:05 IST" duration-ms="4493" status="PASS">
          <reporter-output>
          </reporter-output>
        </test-method> <!-- loginIntoApp -->
        <test-method signature="homePageLogo()[pri:0, instance:Module1LoginTest.SwaglabsloginTest@36ebc363]" started-at="2024-12-20T21:21:05 IST" name="homePageLogo" finished-at="2024-12-20T21:21:07 IST" duration-ms="2066" status="PASS">
          <reporter-output>
          </reporter-output>
        </test-method> <!-- homePageLogo -->
        <test-method is-config="true" signature="clickMenuButton1(org.testng.ITestResult)[pri:0, instance:Module1LoginTest.SwaglabsloginTest@36ebc363]" started-at="2024-12-20T21:21:07 IST" name="clickMenuButton1" finished-at="2024-12-20T21:21:10 IST" duration-ms="2279" status="PASS">
          <params>
            <param index="0">
              <value>
                <![CDATA[[TestResult name=homePageLogo status=SUCCESS method=SwaglabsloginTest.homePageLogo()[pri:0, instance:Module1LoginTest.SwaglabsloginTest@36ebc363] output={null}]]]>
              </value>
            </param>
          </params>
          <reporter-output>
          </reporter-output>
        </test-method> <!-- clickMenuButton1 -->
        <test-method is-config="true" signature="closeBrowser()[pri:0, instance:Module1LoginTest.SwaglabsloginTest@36ebc363]" started-at="2024-12-20T21:21:10 IST" name="closeBrowser" finished-at="2024-12-20T21:21:12 IST" duration-ms="2285" status="PASS">
          <reporter-output>
          </reporter-output>
        </test-method> <!-- closeBrowser -->
      </class> <!-- Module1LoginTest.SwaglabsloginTest -->
    </test> <!-- Test -->
  </suite> <!-- Suite -->
</testng-results>
